This is pdfTeX, Version 3.1415926-2.5-1.40.14 (TeX Live 2013/Debian) (format=pdflatex 2014.6.25)  20 JAN 2015 22:06
entering extended mode
 restricted \write18 enabled.
 %&-line parsing enabled.
**\nonstopmode\nofiles\PassOptionsToPackage{active,tightpage,auctex}{preview}\A
tBeginDocument{\ifx\ifPreview\undefined\RequirePackage[displaymath,floats,graph
ics,textmath,sections,footnotes]{preview}[2004/11/05]\fi} \input _region_.tex
(./_region_.tex  !name(circ.tex)
(/usr/share/texlive/texmf-dist/tex/latex/base/article.cls
Document Class: article 2007/10/19 v1.4h Standard LaTeX document class
(/usr/share/texlive/texmf-dist/tex/latex/base/size10.clo
File: size10.clo 2007/10/19 v1.4h Standard LaTeX file (size option)
)
\c@part=\count79
\c@section=\count80
\c@subsection=\count81
\c@subsubsection=\count82
\c@paragraph=\count83
\c@subparagraph=\count84
\c@figure=\count85
\c@table=\count86
\abovecaptionskip=\skip41
\belowcaptionskip=\skip42
\bibindent=\dimen102
)
(/usr/share/texlive/texmf-dist/tex/generic/babel/babel.sty
Package: babel 2013/12/03 3.9h The Babel package


! Package babel Error: Unknown option `german'. Either you misspelled it
(babel)                or the language definition file german.ldf was not found
.

See the babel package documentation for explanation.
Type  H <return>  for immediate help.
 ...                                              
                                                  
l.296 \ProcessOptions*
                      
Valid options are: shorthands=, KeepShorthandsActive,
activeacute, activegrave, noconfigs, safe=, main=, math=
headfoot=, strings=, config=, hyphenmap=, or a language name.


! Package babel Error: You haven't specified a language option.

See the babel package documentation for explanation.
Type  H <return>  for immediate help.
 ...                                              
                                                  
l.329 ...ry to proceed from here, type x to quit.}
                                                  
You need to specify a language, either as a global option
or as an optional argument to the \usepackage command;
You shouldn't try to proceed from here, type x to quit.

) (/usr/share/texlive/texmf-dist/tex/latex/base/fontenc.sty
Package: fontenc 2005/09/27 v1.99g Standard LaTeX package

(/usr/share/texlive/texmf-dist/tex/latex/base/t1enc.def
File: t1enc.def 2005/09/27 v1.99g Standard LaTeX file
LaTeX Font Info:    Redeclaring font encoding T1 on input line 43.
))
(/usr/share/texlive/texmf-dist/tex/latex/base/inputenc.sty
Package: inputenc 2008/03/30 v1.1d Input encoding file
\inpenc@prehook=\toks14
\inpenc@posthook=\toks15

(/usr/share/texlive/texmf-dist/tex/latex/base/latin1.def
File: latin1.def 2008/03/30 v1.1d Input encoding file
))
(/home/wenhoujx/.emacs.d/elpa/auctex-11.88/latex/preview.sty
Package: preview 2010/02/14 11.88 (AUCTeX/preview-latex)

(/home/wenhoujx/.emacs.d/elpa/auctex-11.88/latex/prtightpage.def
\PreviewBorder=\dimen103
)
(/home/wenhoujx/.emacs.d/elpa/auctex-11.88/latex/prauctex.def
No auxiliary output files.


\hbadness=\count87
\hfuzz=\dimen104
(/home/wenhoujx/.emacs.d/elpa/auctex-11.88/latex/prauctex.cfg))
(/home/wenhoujx/.emacs.d/elpa/auctex-11.88/latex/prshowlabels.def
\pr@labelbox=\box26
)
\pr@snippet=\count88
\pr@box=\box27
\pr@output=\toks16
)
\chaos=\box28
\tdim=\dimen105
\fives=\count89
\ones=\count90
\raster=\box29

No file _region_.aux.
LaTeX Font Info:    Checking defaults for OML/cmm/m/it on input line 36.
LaTeX Font Info:    ... okay on input line 36.
LaTeX Font Info:    Checking defaults for T1/cmr/m/n on input line 36.
LaTeX Font Info:    ... okay on input line 36.
LaTeX Font Info:    Checking defaults for OT1/cmr/m/n on input line 36.
LaTeX Font Info:    ... okay on input line 36.
LaTeX Font Info:    Checking defaults for OMS/cmsy/m/n on input line 36.
LaTeX Font Info:    ... okay on input line 36.
LaTeX Font Info:    Checking defaults for OMX/cmex/m/n on input line 36.
LaTeX Font Info:    ... okay on input line 36.
LaTeX Font Info:    Checking defaults for U/cmr/m/n on input line 36.
LaTeX Font Info:    ... okay on input line 36.
Preview: Fontsize 10pt
Preview: PDFoutput 1
 !name(circ.tex) !offset(-3) 
LaTeX Font Info:    External font `cmex10' loaded for size
(Font)              <12> on input line 42.
LaTeX Font Info:    External font `cmex10' loaded for size
(Font)              <8> on input line 42.
LaTeX Font Info:    External font `cmex10' loaded for size
(Font)              <6> on input line 42.

! Preview: Snippet 1 started.
<-><->
      
l.44 \begin{abstract}
                     
Not a real error.

Preview: Tightpage -32891 -32891 32891 32891
! Preview: Snippet 1 ended.(651269+0x14483456).
<-><->
      
l.44 \begin{abstract}
                     
Not a real error.

[1{/var/lib/texmf/fonts/map/pdftex/updmap/pdftex.map}]
LaTeX Font Info:    Try loading font information for T1+cmtt on input line 48.

(/usr/share/texlive/texmf-dist/tex/latex/base/t1cmtt.fd
File: t1cmtt.fd 1999/05/25 v2.5h Standard LaTeX font definitions
)
! Preview: Snippet 2 started.
<-><->
      
l.51 \section
             {Einführung}
Not a real error.

! Preview: Snippet 2 ended.(651269+183455x14483456).
<-><->
      
l.51 \section{Einführung}
                         
Not a real error.

[2

]
! Preview: Snippet 3 started.
<-><->
      
l.55 \item Sie lassen sich als Funktion $
                                         y = f(x)$ darstellen.
Not a real error.

LaTeX Font Info:    External font `cmex10' loaded for size
(Font)              <7> on input line 55.
LaTeX Font Info:    External font `cmex10' loaded for size
(Font)              <5> on input line 55.
! Preview: Snippet 3 ended.(491520+163840x2494310).
<-><->
      
l.55 \item Sie lassen sich als Funktion $y = f(x)$
                                                   darstellen.
Not a real error.

[3]
! Preview: Snippet 4 started.
<-><->
      
l.56 \item $
            y$ ist im betrachteten Bereich monoton, das heißt, entweder
Not a real error.

! Preview: Snippet 4 ended.(282168+127431x344824).
<-><->
      
l.56 \item $y$
               ist im betrachteten Bereich monoton, das heißt, entweder
Not a real error.

[4]
! Preview: Snippet 5 started.
<-><->
      
l.58 \item Wenn $
                 x$ sich um $1$ ändert, so ändert sich $y$ betragsmäßig
Not a real error.

! Preview: Snippet 5 ended.(282168+0x374556).
<-><->
      
l.58 \item Wenn $x$
                    sich um $1$ ändert, so ändert sich $y$ betragsmäßig
Not a real error.

[5]
! Preview: Snippet 6 started.
<-><->
      
l.58 \item Wenn $x$ sich um $
                             1$ ändert, so ändert sich $y$ betragsmäßig
Not a real error.

! Preview: Snippet 6 ended.(422343+0x327681).
<-><->
      
l.58 \item Wenn $x$ sich um $1$
                                ändert, so ändert sich $y$ betragsmäßig
Not a real error.

[6]
! Preview: Snippet 7 started.
<-><->
      
l.58 ...n $x$ sich um $1$ ändert, so ändert sich $
                                                  y$ betragsmäßig
Not a real error.

! Preview: Snippet 7 ended.(282168+127431x344824).
<-><->
      
l.58 ...$x$ sich um $1$ ändert, so ändert sich $y$
                                                   betragsmäßig
Not a real error.

[7]
! Preview: Snippet 8 started.
<-><->
      
l.59   höchstens um $
                     1$
Not a real error.

! Preview: Snippet 8 ended.(422343+0x327681).
<-><->
      
l.59   höchstens um $1$
                       
Not a real error.

[8]
! Preview: Snippet 9 started.
<-><->
      
l.60   ($
         \left|\frac{\partial y}{\partial x}\right| \leq 1$).
Not a real error.

! Preview: Snippet 9 ended.(753670+425990x2400954).
<-><->
      
l.60 ...rac{\partial y}{\partial x}\right| \leq 1$
                                                  ).
Not a real error.

[9]
! Preview: Snippet 10 started.
<-><->
      
l.63 \section
             {Die gerade Linie}
Not a real error.

! Preview: Snippet 10 ended.(651269+183455x14483456).
<-><->
      
l.63 \section{Die gerade Linie}
                               
Not a real error.

[10

]
! Preview: Snippet 11 started.
<-><->
      
l.65 die durch den Punkt $
                          0 \choose 0$ geht. Alle anderen Linien lassen
Not a real error.

! Preview: Snippet 11 ended.(586443+229380x861985).
<-><->
      
l.65 die durch den Punkt $0 \choose 0$
                                       geht. Alle anderen Linien lassen
Not a real error.

[11]
! Preview: Snippet 12 started.
<-><->
      
l.66 sich durch Vertauschen von $
                                 x$ und~$y$ sowie Vorzeichenwechsel
Not a real error.

! Preview: Snippet 12 ended.(282168+0x374556).
<-><->
      
l.66 sich durch Vertauschen von $x$
                                    und~$y$ sowie Vorzeichenwechsel
Not a real error.

[12]
! Preview: Snippet 13 started.
<-><->
      
l.66 sich durch Vertauschen von $x$ und~$
                                         y$ sowie Vorzeichenwechsel
Not a real error.

! Preview: Snippet 13 ended.(282168+127431x344824).
<-><->
      
l.66 sich durch Vertauschen von $x$ und~$y$
                                            sowie Vorzeichenwechsel
Not a real error.

[13]
! Preview: Snippet 14 started.
<-><->
      
l.67 erzeugen.  Im ersten Oktanten gilt $
                                         x \geq y \geq 0$. Zum Zeichnen
Not a real error.

! Preview: Snippet 14 ended.(422343+127431x2794673).
<-><->
      
l.67 ... Im ersten Oktanten gilt $x \geq y \geq 0$
                                                  . Zum Zeichnen
Not a real error.

[14]
! Preview: Snippet 15 started.
<-><->
      
l.68 einer Linie genügt es also, $
                                  x$ durchlaufen zu lassen und für $y$ die
Not a real error.

! Preview: Snippet 15 ended.(282168+0x374556).
<-><->
      
l.68 einer Linie genügt es also, $x$
                                     durchlaufen zu lassen und für $y$ die
Not a real error.

[15]
! Preview: Snippet 16 started.
<-><->
      
l.68 ... also, $x$ durchlaufen zu lassen und für $
                                                  y$ die
Not a real error.

! Preview: Snippet 16 ended.(282168+127431x344824).
<-><->
      
l.68 ...lso, $x$ durchlaufen zu lassen und für $y$
                                                   die
Not a real error.

[16]
! Preview: Snippet 17 started.
<-><->
      
l.71 Die Gleichung einer Geraden durch $
                                        \Delta x \choose \Delta y$ lautet:
Not a real error.

! Preview: Snippet 17 ended.(604284+315196x1328475).
<-><->
      
l.71 ... Geraden durch $\Delta x \choose \Delta y$
                                                   lautet:
Not a real error.

[17]
! Preview: Snippet 18 started.
<-><->
      
l.72 \begin{equation}
                     
Not a real error.

! Preview: Snippet 18 ended.(1340729+232964x15661007).
<-><->
      
l.75 \end{equation}
                   
Not a real error.

[18

]
! Preview: Snippet 19 started.
<-><->
      
l.77 Nun stellen wir $
                      y$ als Summe eines ganzzahligen Wertes $e$ und eines
Not a real error.

! Preview: Snippet 19 ended.(282168+127431x344824).
<-><->
      
l.77 Nun stellen wir $y$
                         als Summe eines ganzzahligen Wertes $e$ und eines
Not a real error.

[19]
! Preview: Snippet 20 started.
<-><->
      
l.77 ... $y$ als Summe eines ganzzahligen Wertes $
                                                  e$ und eines
Not a real error.

! Preview: Snippet 20 ended.(282168+0x305153).
<-><->
      
l.77 ...y$ als Summe eines ganzzahligen Wertes $e$
                                                   und eines
Not a real error.

[20]
! Preview: Snippet 21 started.
<-><->
      
l.78 gebrochenen Wertes $
                         f$ dar, für den gilt: $-0.5 \leq f < 0.5$.  Somit
Not a real error.

! Preview: Snippet 21 ended.(455111+127431x391398).
<-><->
      
l.78 gebrochenen Wertes $f$
                            dar, für den gilt: $-0.5 \leq f < 0.5$.  Somit
Not a real error.

[21]
! Preview: Snippet 22 started.
<-><->
      
l.78 gebrochenen Wertes $f$ dar, für den gilt: $
                                                -0.5 \leq f < 0.5$.  Somit
Not a real error.

! Preview: Snippet 22 ended.(455111+127431x4323550).
<-><->
      
l.78 ...$f$ dar, für den gilt: $-0.5 \leq f < 0.5$
                                                  .  Somit
Not a real error.

[22]
! Preview: Snippet 23 started.
<-><->
      
l.79 stellt dann $
                  e$ den gewünschten, auf die nächste ganze Zahl gerundeten
Not a real error.

! Preview: Snippet 23 ended.(282168+0x305153).
<-><->
      
l.79 stellt dann $e$
                     den gewünschten, auf die nächste ganze Zahl gerundeten
Not a real error.

[23]
! Preview: Snippet 24 started.
<-><->
      
l.80 $
      y$-Wert dar. Jetzt formen wir (\ref{lgi}) um:
Not a real error.

! Preview: Snippet 24 ended.(282168+127431x344824).
<-><->
      
l.80 $y$
        -Wert dar. Jetzt formen wir (\ref{lgi}) um:
Not a real error.

[24]

LaTeX Warning: Reference `lgi' on page 2 undefined on input line 80.

! Preview: Snippet 25 started.
<-><->
      
l.81 \begin{eqnarray}
                     
Not a real error.

! Preview: Snippet 25 ended.(4020438+232964x15939467).
<-><->
      
l.86 \end{eqnarray}
                   
Not a real error.

[25

]

LaTeX Warning: Reference `lgii' on page 2 undefined on input line 88.

! Preview: Snippet 26 started.
<-><->
      
l.88 ...in (\ref{lgii}) bezeichnen wir jetzt mit $
                                                  d$.  Für
Not a real error.

! Preview: Snippet 26 ended.(455111+0x341106).
<-><->
      
l.88 ... (\ref{lgii}) bezeichnen wir jetzt mit $d$
                                                  .  Für
Not a real error.

[26]
! Preview: Snippet 27 started.
<-><->
      
l.89 positive gerade Werte von $
                                \Delta x$ ist offensichtlich $d < 0$ eine
Not a real error.

! Preview: Snippet 27 ended.(447828+0x920691).
<-><->
      
l.89 positive gerade Werte von $\Delta x$
                                          ist offensichtlich $d < 0$ eine
Not a real error.

[27]
! Preview: Snippet 28 started.
<-><->
      
l.89 ... Werte von $\Delta x$ ist offensichtlich $
                                                  d < 0$ eine
Not a real error.

! Preview: Snippet 28 ended.(455111+25623x1542593).
<-><->
      
l.89 ... von $\Delta x$ ist offensichtlich $d < 0$
                                                   eine
Not a real error.

[28]
! Preview: Snippet 29 started.
<-><->
      
l.90 zu~$
         f < 0.5$ equivalente Bedingung.
Not a real error.

! Preview: Snippet 29 ended.(455111+127431x2102611).
<-><->
      
l.90 zu~$f < 0.5$
                  equivalente Bedingung.
Not a real error.

[29]
! Preview: Snippet 30 started.
<-><->
      
l.92 Für ungerade Werte von~$
                             \Delta x$ ist $f < 0.5$ equivalent zu
Not a real error.

! Preview: Snippet 30 ended.(447828+0x920691).
<-><->
      
l.92 Für ungerade Werte von~$\Delta x$
                                       ist $f < 0.5$ equivalent zu
Not a real error.

[30]
! Preview: Snippet 31 started.
<-><->
      
l.92 Für ungerade Werte von~$\Delta x$ ist $
                                            f < 0.5$ equivalent zu
Not a real error.

! Preview: Snippet 31 ended.(455111+127431x2102611).
<-><->
      
l.92 ...ngerade Werte von~$\Delta x$ ist $f < 0.5$
                                                   equivalent zu
Not a real error.

[31]
! Preview: Snippet 32 started.
<-><->
      
l.93 $
      d + 0.5 < 0$.
Not a real error.

! Preview: Snippet 32 ended.(455111+54613x3180990).
<-><->
      
l.93 $d + 0.5 < 0$
                  .
Not a real error.

[32]
! Preview: Snippet 33 started.
<-><->
      
l.94 Da $
         d$ stets eine ganze Zahl ist, ist dies wieder zu $d < 0$
Not a real error.

! Preview: Snippet 33 ended.(455111+0x341106).
<-><->
      
l.94 Da $d$
            stets eine ganze Zahl ist, ist dies wieder zu $d < 0$
Not a real error.

[33]
! Preview: Snippet 34 started.
<-><->
      
l.94 ... eine ganze Zahl ist, ist dies wieder zu $
                                                  d < 0$
Not a real error.

! Preview: Snippet 34 ended.(455111+25623x1542593).
<-><->
      
l.94 ...ganze Zahl ist, ist dies wieder zu $d < 0$
                                                  
Not a real error.

[34]
! Preview: Snippet 35 started.
<-><->
      
l.102 Wird nun $
                \ifPreview\special{ps: junk}\fi f \geq 0.5$, wie sich durch
Not a real error.

! Preview: Snippet 35 ended.(455111+127431x2102611).
<-><->
      
l.102 ...fPreview\special{ps: junk}\fi f \geq 0.5$
                                                  , wie sich durch
Not a real error.

[35
Non-PDF special ignored!]
! Preview: Snippet 36 started.
<-><->
      
l.103 den Vergleich $
                     d \stackrel{?}{<} 0$ feststellen läßt, so muß man
Not a real error.

! Preview: Snippet 36 ended.(868487+25623x1542593).
<-><->
      
l.103 den Vergleich $d \stackrel{?}{<} 0$
                                          feststellen läßt, so muß man
Not a real error.

[36]
! Preview: Snippet 37 started.
<-><->
      
l.104 korrigieren, indem man $
                              f$ um~1 erniedrigt und $e$ um~$1$ erhöht.
Not a real error.

! Preview: Snippet 37 ended.(455111+127431x391398).
<-><->
      
l.104 korrigieren, indem man $f$
                                 um~1 erniedrigt und $e$ um~$1$ erhöht.
Not a real error.

[37]
! Preview: Snippet 38 started.
<-><->
      
l.104 ...eren, indem man $f$ um~1 erniedrigt und $
                                                  e$ um~$1$ erhöht.
Not a real error.

! Preview: Snippet 38 ended.(282168+0x305153).
<-><->
      
l.104 ...en, indem man $f$ um~1 erniedrigt und $e$
                                                   um~$1$ erhöht.
Not a real error.

[38]
! Preview: Snippet 39 started.
<-><->
      
l.104 ...ndem man $f$ um~1 erniedrigt und $e$ um~$
                                                  1$ erhöht.
Not a real error.

! Preview: Snippet 39 ended.(422343+0x327681).
<-><->
      
l.104 ...em man $f$ um~1 erniedrigt und $e$ um~$1$
                                                   erhöht.
Not a real error.

[39]
! Preview: Snippet 40 started.
<-><->
      
l.109 $
       \ifPreview\special{ps: quit}\fi d$ muß dann auch entsprechend
Not a real error.

! Preview: Snippet 40 ended.(455111+0x341106).
<-><->
      
l.109 $\ifPreview\special{ps: quit}\fi d$
                                          muß dann auch entsprechend
Not a real error.

[40
Non-PDF special ignored!]
! Preview: Snippet 41 started.
<-><->
      
l.113 Einflüsse von $
                     x$ und $e$ auf $d$ der in Tabelle~\ref{linalg}
Not a real error.

! Preview: Snippet 41 ended.(282168+0x374556).
<-><->
      
l.113 Einflüsse von $x$
                        und $e$ auf $d$ der in Tabelle~\ref{linalg}
Not a real error.

[41]
! Preview: Snippet 42 started.
<-><->
      
l.113 Einflüsse von $x$ und $
                             e$ auf $d$ der in Tabelle~\ref{linalg}
Not a real error.

! Preview: Snippet 42 ended.(282168+0x305153).
<-><->
      
l.113 Einflüsse von $x$ und $e$
                                auf $d$ der in Tabelle~\ref{linalg}
Not a real error.

[42]
! Preview: Snippet 43 started.
<-><->
      
l.113 Einflüsse von $x$ und $e$ auf $
                                     d$ der in Tabelle~\ref{linalg}
Not a real error.

! Preview: Snippet 43 ended.(455111+0x341106).
<-><->
      
l.113 Einflüsse von $x$ und $e$ auf $d$
                                        der in Tabelle~\ref{linalg}
Not a real error.

[43]

LaTeX Warning: Reference `linalg' on page 2 undefined on input line 113.


LaTeX Warning: Reference `linc' on page 2 undefined on input line 115.


LaTeX Warning: Reference `linpict' on page 2 undefined on input line 117.

! Preview: Snippet 44 started.
<-><->
      
l.118 \begin{table}
                   
Not a real error.

! Preview: Snippet 44 ended.(4765618+3793642x16496387).
<-><->
      
l.136 \end{table}
                 
Not a real error.

[44


]
! Preview: Snippet 45 started.
<-><->
      
l.137 \begin{table}
                   
Not a real error.

! Preview: Snippet 45 ended.(15886676+15042100x15939467).
<-><->
      
l.186 \end{table}
                 
Not a real error.

[45


]
! Preview: Snippet 46 started.
<-><->
      
l.187 \begin{figure}
                    
Not a real error.

\x=\count91
\y=\count92
\d=\count93
\dx=\count94
\dy=\count95
! Preview: Snippet 46 ended.(14621882+232964x16774847).
<-><->
      
l.218 \end{figure}
                  
Not a real error.

[46


]
! Preview: Snippet 47 started.
<-><->
      
l.220 \section
              {Der Kreis}
Not a real error.

! Preview: Snippet 47 ended.(651269+0x14483456).
<-><->
      
l.220 \section{Der Kreis}
                         
Not a real error.

[47

]
! Preview: Snippet 48 started.
<-><->
      
l.222 ($
        y \geq x \geq 0$). Hier gelten die oben angegebenen Beziehungen.
Not a real error.

! Preview: Snippet 48 ended.(422343+127431x2794673).
<-><->
      
l.222 ($y \geq x \geq 0$
                        ). Hier gelten die oben angegebenen Beziehungen.
Not a real error.

[48]
! Preview: Snippet 49 started.
<-><->
      
l.227 \begin{equation}
                      
Not a real error.

! Preview: Snippet 49 ended.(859893+0x14483456).
<-><->
      
l.229 \end{equation}
                    
Not a real error.

[49]
! Preview: Snippet 50 started.
<-><->
      
l.231 Der Wert $
                y$ läßt sich darstellen als Summe einer ganzen Zahl $e$ und
Not a real error.

! Preview: Snippet 50 ended.(282168+127431x344824).
<-><->
      
l.231 Der Wert $y$
                   läßt sich darstellen als Summe einer ganzen Zahl $e$ und
Not a real error.

[50]
! Preview: Snippet 51 started.
<-><->
      
l.231 ... darstellen als Summe einer ganzen Zahl $
                                                  e$ und
Not a real error.

! Preview: Snippet 51 ended.(282168+0x305153).
<-><->
      
l.231 ...arstellen als Summe einer ganzen Zahl $e$
                                                   und
Not a real error.

[51]
! Preview: Snippet 52 started.
<-><->
      
l.232 einem Wert $
                  f$ mit $-0.5 \leq f < 0.5$. Der Wertebereich von $f$ ist
Not a real error.

! Preview: Snippet 52 ended.(455111+127431x391398).
<-><->
      
l.232 einem Wert $f$
                     mit $-0.5 \leq f < 0.5$. Der Wertebereich von $f$ ist
Not a real error.

[52]
! Preview: Snippet 53 started.
<-><->
      
l.232 einem Wert $f$ mit $
                          -0.5 \leq f < 0.5$. Der Wertebereich von $f$ ist
Not a real error.

! Preview: Snippet 53 ended.(455111+127431x4323550).
<-><->
      
l.232 einem Wert $f$ mit $-0.5 \leq f < 0.5$
                                            . Der Wertebereich von $f$ ist
Not a real error.

[53]
! Preview: Snippet 54 started.
<-><->
      
l.232 ...0.5 \leq f < 0.5$. Der Wertebereich von $
                                                  f$ ist
Not a real error.

! Preview: Snippet 54 ended.(455111+127431x391398).
<-><->
      
l.232 ...5 \leq f < 0.5$. Der Wertebereich von $f$
                                                   ist
Not a real error.

[54]
! Preview: Snippet 55 started.
<-><->
      
l.233 so gewählt worden, damit $
                                e$ einen auf ganze Zahlen gerundeten Wert
Not a real error.

! Preview: Snippet 55 ended.(282168+0x305153).
<-><->
      
l.233 so gewählt worden, damit $e$
                                   einen auf ganze Zahlen gerundeten Wert
Not a real error.

[55]
! Preview: Snippet 56 started.
<-><->
      
l.234 für $
           y$ darstellt.
Not a real error.

! Preview: Snippet 56 ended.(282168+127431x344824).
<-><->
      
l.234 für $y$
              darstellt.
Not a real error.

[56]
! Preview: Snippet 57 started.
<-><->
      
l.237 \begin{eqnarray}
                      
Not a real error.

! Preview: Snippet 57 ended.(1842933+232964x15661007).
<-><->
      
l.240 \end{eqnarray}
                    
Not a real error.

[57

]

LaTeX Warning: Reference `ggg' on page 2 undefined on input line 242.

! Preview: Snippet 58 started.
<-><->
      
l.242 Die Gleichung (\ref{ggg}) hat für $
                                         x+1$ folgende Form:
Not a real error.

! Preview: Snippet 58 ended.(422343+54613x1503227).
<-><->
      
l.242 Die Gleichung (\ref{ggg}) hat für $x+1$
                                              folgende Form:
Not a real error.

[58]
! Preview: Snippet 59 started.
<-><->
      
l.243 \begin{eqnarray}
                      
Not a real error.

! Preview: Snippet 59 ended.(730033+116484x15661007).
<-><->
      
l.245 \end{eqnarray}
                    
Not a real error.

[59

]

LaTeX Warning: Reference `ggg' on page 2 undefined on input line 247.


LaTeX Warning: Reference `hhh' on page 2 undefined on input line 247.

! Preview: Snippet 60 started.
<-><->
      
l.249 \begin{eqnarray*}
                       
Not a real error.

! Preview: Snippet 60 ended.(3602007+0x14483456).
<-><->
      
l.254 \end{eqnarray*}
                     
Not a real error.

[60]
! Preview: Snippet 61 started.
<-><->
      
l.256 Jetzt wird $
                  2ef + f^2$ mit $m$ getauft. Also:
Not a real error.

! Preview: Snippet 61 ended.(533465+127431x2510623).
<-><->
      
l.256 Jetzt wird $2ef + f^2$
                             mit $m$ getauft. Also:
Not a real error.

[61]
! Preview: Snippet 62 started.
<-><->
      
l.256 Jetzt wird $2ef + f^2$ mit $
                                  m$ getauft. Also:
Not a real error.

! Preview: Snippet 62 ended.(282168+0x575415).
<-><->
      
l.256 Jetzt wird $2ef + f^2$ mit $m$
                                     getauft. Also:
Not a real error.

[62]
! Preview: Snippet 63 started.
<-><->
      
l.257 \begin{eqnarray*}
                       
Not a real error.

! Preview: Snippet 63 ended.(3529189+0x14483456).
<-><->
      
l.262 \end{eqnarray*}
                     
Not a real error.

[63]
! Preview: Snippet 64 started.
<-><->
      
l.263 Wie groß ist jetzt $
                          m$? Für $x=0$ ist es sicher $0$. Solange $e$
Not a real error.

! Preview: Snippet 64 ended.(282168+0x575415).
<-><->
      
l.263 Wie groß ist jetzt $m$
                            ? Für $x=0$ ist es sicher $0$. Solange $e$
Not a real error.

[64]
! Preview: Snippet 65 started.
<-><->
      
l.263 Wie groß ist jetzt $m$? Für $
                                   x=0$ ist es sicher $0$. Solange $e$
Not a real error.

! Preview: Snippet 65 ended.(422343+0x1576043).
<-><->
      
l.263 Wie groß ist jetzt $m$? Für $x=0$
                                        ist es sicher $0$. Solange $e$
Not a real error.

[65]
! Preview: Snippet 66 started.
<-><->
      
l.263 ... ist jetzt $m$? Für $x=0$ ist es sicher $
                                                  0$. Solange $e$
Not a real error.

! Preview: Snippet 66 ended.(422343+0x327681).
<-><->
      
l.263 ...st jetzt $m$? Für $x=0$ ist es sicher $0$
                                                  . Solange $e$
Not a real error.

[66]
! Preview: Snippet 67 started.
<-><->
      
l.263 ...$? Für $x=0$ ist es sicher $0$. Solange $
                                                  e$
Not a real error.

! Preview: Snippet 67 ended.(282168+0x305153).
<-><->
      
l.263 ... Für $x=0$ ist es sicher $0$. Solange $e$
                                                  
Not a real error.

[67]
! Preview: Snippet 68 started.
<-><->
      
l.264 konstant bleibt, schrumpft $
                                  f$ stetig. Fällt $f$ unter $-0.5$, so
Not a real error.

! Preview: Snippet 68 ended.(455111+127431x391398).
<-><->
      
l.264 konstant bleibt, schrumpft $f$
                                     stetig. Fällt $f$ unter $-0.5$, so
Not a real error.

[68]
! Preview: Snippet 69 started.
<-><->
      
l.264 ...ant bleibt, schrumpft $f$ stetig. Fällt $
                                                  f$ unter $-0.5$, so
Not a real error.

! Preview: Snippet 69 ended.(455111+127431x391398).
<-><->
      
l.264 ...t bleibt, schrumpft $f$ stetig. Fällt $f$
                                                   unter $-0.5$, so
Not a real error.

[69]
! Preview: Snippet 70 started.
<-><->
      
l.264 ..., schrumpft $f$ stetig. Fällt $f$ unter $
                                                  -0.5$, so
Not a real error.

! Preview: Snippet 70 ended.(422343+54613x1347133).
<-><->
      
l.264 ...rumpft $f$ stetig. Fällt $f$ unter $-0.5$
                                                  , so
Not a real error.

[70]
! Preview: Snippet 71 started.
<-><->
      
l.265 fällt $
             m$ (unter Vernachlässigung von $f^2$) unter $-e$.  Dies wird
Not a real error.

! Preview: Snippet 71 ended.(282168+0x575415).
<-><->
      
l.265 fällt $m$
                (unter Vernachlässigung von $f^2$) unter $-e$.  Dies wird
Not a real error.

[71]
! Preview: Snippet 72 started.
<-><->
      
l.265 fällt $m$ (unter Vernachlässigung von $
                                             f^2$) unter $-e$.  Dies wird
Not a real error.

! Preview: Snippet 72 ended.(533465+127431x685401).
<-><->
      
l.265 fällt $m$ (unter Vernachlässigung von $f^2$
                                                 ) unter $-e$.  Dies wird
Not a real error.

[72]
! Preview: Snippet 73 started.
<-><->
      
l.265 ...unter Vernachlässigung von $f^2$) unter $
                                                  -e$.  Dies wird
Not a real error.

! Preview: Snippet 73 ended.(382293+54613x814879).
<-><->
      
l.265 ...er Vernachlässigung von $f^2$) unter $-e$
                                                  .  Dies wird
Not a real error.

[73]
! Preview: Snippet 74 started.
<-><->
      
l.266 ...t als Kriterium für einen Unterlauf von $
                                                  f$ verwendet.  Tritt
Not a real error.

! Preview: Snippet 74 ended.(455111+127431x391398).
<-><->
      
l.266 ...als Kriterium für einen Unterlauf von $f$
                                                   verwendet.  Tritt
Not a real error.

[74]
! Preview: Snippet 75 started.
<-><->
      
l.267 dieser auf, so muß $
                          f$ um $1$ erhöht und $e$ um $1$ erniedrigt werden.
Not a real error.

! Preview: Snippet 75 ended.(455111+127431x391398).
<-><->
      
l.267 dieser auf, so muß $f$
                             um $1$ erhöht und $e$ um $1$ erniedrigt werden.
Not a real error.

[75]
! Preview: Snippet 76 started.
<-><->
      
l.267 dieser auf, so muß $f$ um $
                                 1$ erhöht und $e$ um $1$ erniedrigt werden.
Not a real error.

! Preview: Snippet 76 ended.(422343+0x327681).
<-><->
      
l.267 dieser auf, so muß $f$ um $1$
                                    erhöht und $e$ um $1$ erniedrigt werden.
Not a real error.

[76]
! Preview: Snippet 77 started.
<-><->
      
l.267 dieser auf, so muß $f$ um $1$ erhöht und $
                                                e$ um $1$ erniedrigt werden.
Not a real error.

! Preview: Snippet 77 ended.(282168+0x305153).
<-><->
      
l.267 dieser auf, so muß $f$ um $1$ erhöht und $e$
                                                   um $1$ erniedrigt werden.
Not a real error.

[77]
! Preview: Snippet 78 started.
<-><->
      
l.267 ...uf, so muß $f$ um $1$ erhöht und $e$ um $
                                                  1$ erniedrigt werden.
Not a real error.

! Preview: Snippet 78 ended.(422343+0x327681).
<-><->
      
l.267 ..., so muß $f$ um $1$ erhöht und $e$ um $1$
                                                   erniedrigt werden.
Not a real error.

[78]
! Preview: Snippet 79 started.
<-><->
      
l.269 ...ingung zu vereinfachen, setzt man jetzt $
                                                  q$ = $m+e$.
Not a real error.

! Preview: Snippet 79 ended.(282168+127431x316074).
<-><->
      
l.269 ...gung zu vereinfachen, setzt man jetzt $q$
                                                   = $m+e$.
Not a real error.

[79]
! Preview: Snippet 80 started.
<-><->
      
l.269 ... zu vereinfachen, setzt man jetzt $q$ = $
                                                  m+e$.
Not a real error.

! Preview: Snippet 80 ended.(382293+54613x1681558).
<-><->
      
l.269 ...vereinfachen, setzt man jetzt $q$ = $m+e$
                                                  .
Not a real error.

[80]

LaTeX Warning: Reference `alg' on page 2 undefined on input line 270.


LaTeX Warning: Reference `prog' on page 2 undefined on input line 271.

! Preview: Snippet 81 started.
<-><->
      
l.272 \begin{table}
                   
Not a real error.

! Preview: Snippet 81 ended.(5248012+4276036x15661007).
<-><->
      
l.290 \end{table}
                 
Not a real error.

[81


]
! Preview: Snippet 82 started.
<-><->
      
l.291 \begin{table}
                   
Not a real error.

! Preview: Snippet 82 ended.(13851388+12879412x15939467).
<-><->
      
l.334 \end{table}
                 
Not a real error.

[82


]
! Preview: Snippet 83 started.
<-><->
      
l.335 \begin{figure}
                    
Not a real error.

\x=\count96
\y=\count97
\q=\count98
! Preview: Snippet 83 ended.(14621882+116484x16217927).
<-><->
      
l.363 \end{figure}
                  
Not a real error.

[83


]
! Preview: Snippet 84 started.
<-><->
      
l.365 \section
              {Einfache Hyperbeln}
Not a real error.

! Preview: Snippet 84 ended.(651269+183455x14483456).
<-><->
      
l.365 \section{Einfache Hyperbeln}
                                  
Not a real error.

[84

]
! Preview: Snippet 85 started.
<-><->
      
l.367 $
       y = r^2\!/x$ genügen, und zwar im Bereich~$x \geq r$.
Not a real error.

! Preview: Snippet 85 ended.(533465+163840x2419522).
<-><->
      
l.367 $y = r^2\!/x$
                    genügen, und zwar im Bereich~$x \geq r$.
Not a real error.

[85]
! Preview: Snippet 86 started.
<-><->
      
l.367 $y = r^2\!/x$ genügen, und zwar im Bereich~$
                                                  x \geq r$.
Not a real error.

! Preview: Snippet 86 ended.(416790+89110x1562238).
<-><->
      
l.367 ...$ genügen, und zwar im Bereich~$x \geq r$
                                                  .
Not a real error.

[86]
! Preview: Snippet 87 started.
<-><->
      
l.369 Mit dem Ansatz $
                      y = e + f$ ergibt sich:
Not a real error.

! Preview: Snippet 87 ended.(455111+127431x2716171).
<-><->
      
l.369 Mit dem Ansatz $y = e + f$
                                 ergibt sich:
Not a real error.

[87]
! Preview: Snippet 88 started.
<-><->
      
l.370 \begin{eqnarray}
                      
Not a real error.

! Preview: Snippet 88 ended.(2696113+232964x15939467).
<-><->
      
l.374 \end{eqnarray}
                    
Not a real error.

[88

]
! Preview: Snippet 89 started.
<-><->
      
l.376 Für $
           x' = x+1$ hat nun (\ref{phyp}) die Form
Not a real error.

! Preview: Snippet 89 ended.(492688+54613x2935454).
<-><->
      
l.376 Für $x' = x+1$
                     hat nun (\ref{phyp}) die Form
Not a real error.

[89]

LaTeX Warning: Reference `phyp' on page 2 undefined on input line 376.

! Preview: Snippet 90 started.
<-><->
      
l.377 \begin{eqnarray*}
                       
Not a real error.

! Preview: Snippet 90 ended.(3602007+0x14483456).
<-><->
      
l.382 \end{eqnarray*}
                     
Not a real error.

[90]
! Preview: Snippet 91 started.
<-><->
      
l.383 Setzt man jetzt $
                       d = (2f + 1)x$, so ist $f < -0.5$ mit~$d < 0$
Not a real error.

! Preview: Snippet 91 ended.(491520+163840x3946944).
<-><->
      
l.383 Setzt man jetzt $d = (2f + 1)x$
                                     , so ist $f < -0.5$ mit~$d < 0$
Not a real error.

[91]
! Preview: Snippet 92 started.
<-><->
      
l.383 Setzt man jetzt $d = (2f + 1)x$, so ist $
                                               f < -0.5$ mit~$d < 0$
Not a real error.

! Preview: Snippet 92 ended.(455111+127431x2612337).
<-><->
      
l.383 ... jetzt $d = (2f + 1)x$, so ist $f < -0.5$
                                                   mit~$d < 0$
Not a real error.

[92]
! Preview: Snippet 93 started.
<-><->
      
l.383 ... $d = (2f + 1)x$, so ist $f < -0.5$ mit~$
                                                  d < 0$
Not a real error.

! Preview: Snippet 93 ended.(455111+25623x1542593).
<-><->
      
l.383 ...(2f + 1)x$, so ist $f < -0.5$ mit~$d < 0$
                                                  
Not a real error.

[93]
! Preview: Snippet 94 started.
<-><->
      
l.385 $
       e' = e$,
Not a real error.

! Preview: Snippet 94 ended.(492688+0x1667977).
<-><->
      
l.385 $e' = e$
              ,
Not a real error.

[94]
! Preview: Snippet 95 started.
<-><->
      
l.386 dann muß in bekannter Weise $
                                   f$ um~$1$ erhöht und $e$ um~$1$
Not a real error.

! Preview: Snippet 95 ended.(455111+127431x391398).
<-><->
      
l.386 dann muß in bekannter Weise $f$
                                      um~$1$ erhöht und $e$ um~$1$
Not a real error.

[95]
! Preview: Snippet 96 started.
<-><->
      
l.386 dann muß in bekannter Weise $f$ um~$
                                          1$ erhöht und $e$ um~$1$
Not a real error.

! Preview: Snippet 96 ended.(422343+0x327681).
<-><->
      
l.386 dann muß in bekannter Weise $f$ um~$1$
                                             erhöht und $e$ um~$1$
Not a real error.

[96]
! Preview: Snippet 97 started.
<-><->
      
l.386 ...n bekannter Weise $f$ um~$1$ erhöht und $
                                                  e$ um~$1$
Not a real error.

! Preview: Snippet 97 ended.(282168+0x305153).
<-><->
      
l.386 ...bekannter Weise $f$ um~$1$ erhöht und $e$
                                                   um~$1$
Not a real error.

[97]
! Preview: Snippet 98 started.
<-><->
      
l.386 ...nter Weise $f$ um~$1$ erhöht und $e$ um~$
                                                  1$
Not a real error.

! Preview: Snippet 98 ended.(422343+0x327681).
<-><->
      
l.386 ...er Weise $f$ um~$1$ erhöht und $e$ um~$1$
                                                  
Not a real error.

[98]
! Preview: Snippet 99 started.
<-><->
      
l.390 Für $
           d'$ ergeben sich dann die folgenden Werte:
Not a real error.

! Preview: Snippet 99 ended.(492688+0x524971).
<-><->
      
l.390 Für $d'$
               ergeben sich dann die folgenden Werte:
Not a real error.

[99]
! Preview: Snippet 100 started.
<-><->
      
l.391 \begin{eqnarray*}
                       
Not a real error.

! Preview: Snippet 100 ended.(3529189+0x14483456).
<-><->
      
l.396 \end{eqnarray*}
                     
Not a real error.

[100]

LaTeX Warning: Reference `halg' on page 3 undefined on input line 397.

! Preview: Snippet 101 started.
<-><->
      
l.399 \begin{table}
                   
Not a real error.

! Preview: Snippet 101 ended.(5231703+4259727x15939467).
<-><->
      
l.417 \end{table}
                 
Not a real error.

[101


]
! Preview: Snippet 102 started.
<-><->
      
l.418 \begin{table}
                   
Not a real error.

! Preview: Snippet 102 ended.(9526012+8554036x14483456).
<-><->
      
l.449 \end{table}
                 
Not a real error.

[102

]
! Preview: Snippet 103 started.
<-><->
      
l.450 \begin{figure}
                    
Not a real error.

\x=\count99
\y=\count100
\q=\count101
\r=\count102
! Preview: Snippet 103 ended.(14621882+116484x16496387).
<-><->
      
l.481 \end{figure}
                  
Not a real error.

[103


]

LaTeX Warning: There were undefined references.

 ) 
Here is how much of TeX's memory you used:
 794 strings out of 495028
 9196 string characters out of 6181497
 78081 words of memory out of 5000000
 4037 multiletter control sequences out of 15000+600000
 13458 words of font info for 34 fonts, out of 8000000 for 9000
 14 hyphenation exceptions out of 8191
 23i,14n,23p,432b,394s stack positions out of 5000i,500n,10000p,200000b,80000s
 </home/wenhoujx/.texmf-var/fonts/pk/ljfour/jknappen/ec/ectt0900.600pk> </hom
e/wenhoujx/.texmf-var/fonts/pk/ljfour/jknappen/ec/ectt0800.600pk> </home/wenhou
jx/.texmf-var/fonts/pk/ljfour/jknappen/ec/ecrm1000.600pk> </home/wenhoujx/.texm
f-var/fonts/pk/ljfour/jknappen/ec/ecbx1440.600pk></usr/share/texlive/texmf-dist
/fonts/type1/public/amsfonts/cm/cmex10.pfb></usr/share/texlive/texmf-dist/fonts
/type1/public/amsfonts/cm/cmmi10.pfb></usr/share/texlive/texmf-dist/fonts/type1
/public/amsfonts/cm/cmmi7.pfb></usr/share/texlive/texmf-dist/fonts/type1/public
/amsfonts/cm/cmr10.pfb></usr/share/texlive/texmf-dist/fonts/type1/public/amsfon
ts/cm/cmr7.pfb></usr/share/texlive/texmf-dist/fonts/type1/public/amsfonts/cm/cm
sy10.pfb></usr/share/texlive/texmf-dist/fonts/type1/public/amsfonts/cm/cmsy7.pf
b></usr/share/texlive/texmf-dist/fonts/type1/public/amsfonts/latxfont/lcircle1.
pfb>
Output written on _region_.pdf (103 pages, 135397 bytes).
PDF statistics:
 536 PDF objects out of 1000 (max. 8388607)
 269 compressed objects within 3 object streams
 0 named destinations out of 1000 (max. 500000)
 1 words of extra memory for PDF output out of 10000 (max. 10000000)

